-------------------------------------------------------------------------------
Test set: cn.lijunkui.SpringbootexamplesApplicationTests
-------------------------------------------------------------------------------
Tests run: 1, Failures: 0, Errors: 1, Skipped: 0, Time elapsed: 0.06 s <<< FAILURE! - in cn.lijunkui.SpringbootexamplesApplicationTests
contextLoads(cn.lijunkui.SpringbootexamplesApplicationTests)  Time elapsed: 0 s  <<< ERROR!
java.lang.IllegalStateException: Failed to load ApplicationContext
Caused by: java.lang.IllegalStateException: Unable to read meta-data for class cn.lijunkui2.autoconfig.HttpClientAutoConfigurationOut
Caused by: java.io.FileNotFoundException: class path resource [cn/lijunkui2/autoconfig/HttpClientAutoConfigurationOut.class] cannot be opened because it does not exist

